<?xml version="1.0" encoding="UTF-8" standalone="no"?>
<!DOCTYPE log SYSTEM "logger.dtd">
<log>
<record>
  <date>2016-01-26T13:14:03</date>
  <millis>1453824843261</millis>
  <sequence>0</sequence>
  <logger>jMetal</logger>
  <level>INFO</level>
  <class>qopmo.nsgaII.testSegment.NSGAII_main_testSegment</class>
  <method>main</method>
  <thread>1</thread>
  <message>Total execution time: 1558ms</message>
</record>
<record>
  <date>2016-01-26T13:14:03</date>
  <millis>1453824843266</millis>
  <sequence>1</sequence>
  <logger>jMetal</logger>
  <level>INFO</level>
  <class>qopmo.nsgaII.testSegment.NSGAII_main_testSegment</class>
  <method>main</method>
  <thread>1</thread>
  <message>Variables values have been writen to file VAR</message>
</record>
<record>
  <date>2016-01-26T13:14:03</date>
  <millis>1453824843382</millis>
  <sequence>2</sequence>
  <logger>jMetal</logger>
  <level>INFO</level>
  <class>qopmo.nsgaII.testSegment.NSGAII_main_testSegment</class>
  <method>main</method>
  <thread>1</thread>
  <message>Objectives values have been writen to file FUN</message>
</record>
<record>
  <date>2016-01-26T13:14:04</date>
  <millis>1453824844081</millis>
  <sequence>3</sequence>
  <logger>jMetal</logger>
  <level>INFO</level>
  <class>qopmo.nsgaII.testSegment.NSGAII_main_testSegment</class>
  <method>main</method>
  <thread>1</thread>
  <message>Total execution time: 694ms</message>
</record>
<record>
  <date>2016-01-26T13:14:04</date>
  <millis>1453824844081</millis>
  <sequence>4</sequence>
  <logger>jMetal</logger>
  <level>INFO</level>
  <class>qopmo.nsgaII.testSegment.NSGAII_main_testSegment</class>
  <method>main</method>
  <thread>1</thread>
  <message>Variables values have been writen to file VAR</message>
</record>
<record>
  <date>2016-01-26T13:14:04</date>
  <millis>1453824844371</millis>
  <sequence>5</sequence>
  <logger>jMetal</logger>
  <level>INFO</level>
  <class>qopmo.nsgaII.testSegment.NSGAII_main_testSegment</class>
  <method>main</method>
  <thread>1</thread>
  <message>Objectives values have been writen to file FUN</message>
</record>
<record>
  <date>2016-01-26T13:14:05</date>
  <millis>1453824845028</millis>
  <sequence>6</sequence>
  <logger>jMetal</logger>
  <level>INFO</level>
  <class>qopmo.nsgaII.testSegment.NSGAII_main_testSegment</class>
  <method>main</method>
  <thread>1</thread>
  <message>Total execution time: 651ms</message>
</record>
<record>
  <date>2016-01-26T13:14:05</date>
  <millis>1453824845029</millis>
  <sequence>7</sequence>
  <logger>jMetal</logger>
  <level>INFO</level>
  <class>qopmo.nsgaII.testSegment.NSGAII_main_testSegment</class>
  <method>main</method>
  <thread>1</thread>
  <message>Variables values have been writen to file VAR</message>
</record>
<record>
  <date>2016-01-26T13:14:05</date>
  <millis>1453824845286</millis>
  <sequence>8</sequence>
  <logger>jMetal</logger>
  <level>INFO</level>
  <class>qopmo.nsgaII.testSegment.NSGAII_main_testSegment</class>
  <method>main</method>
  <thread>1</thread>
  <message>Objectives values have been writen to file FUN</message>
</record>
<record>
  <date>2016-01-26T13:14:05</date>
  <millis>1453824845928</millis>
  <sequence>9</sequence>
  <logger>jMetal</logger>
  <level>INFO</level>
  <class>qopmo.nsgaII.testSegment.NSGAII_main_testSegment</class>
  <method>main</method>
  <thread>1</thread>
  <message>Total execution time: 636ms</message>
</record>
<record>
  <date>2016-01-26T13:14:05</date>
  <millis>1453824845929</millis>
  <sequence>10</sequence>
  <logger>jMetal</logger>
  <level>INFO</level>
  <class>qopmo.nsgaII.testSegment.NSGAII_main_testSegment</class>
  <method>main</method>
  <thread>1</thread>
  <message>Variables values have been writen to file VAR</message>
</record>
<record>
  <date>2016-01-26T13:14:06</date>
  <millis>1453824846181</millis>
  <sequence>11</sequence>
  <logger>jMetal</logger>
  <level>INFO</level>
  <class>qopmo.nsgaII.testSegment.NSGAII_main_testSegment</class>
  <method>main</method>
  <thread>1</thread>
  <message>Objectives values have been writen to file FUN</message>
</record>
<record>
  <date>2016-01-26T13:14:06</date>
  <millis>1453824846831</millis>
  <sequence>12</sequence>
  <logger>jMetal</logger>
  <level>INFO</level>
  <class>qopmo.nsgaII.testSegment.NSGAII_main_testSegment</class>
  <method>main</method>
  <thread>1</thread>
  <message>Total execution time: 643ms</message>
</record>
<record>
  <date>2016-01-26T13:14:06</date>
  <millis>1453824846832</millis>
  <sequence>13</sequence>
  <logger>jMetal</logger>
  <level>INFO</level>
  <class>qopmo.nsgaII.testSegment.NSGAII_main_testSegment</class>
  <method>main</method>
  <thread>1</thread>
  <message>Variables values have been writen to file VAR</message>
</record>
<record>
  <date>2016-01-26T13:14:06</date>
  <millis>1453824846952</millis>
  <sequence>14</sequence>
  <logger>jMetal</logger>
  <level>INFO</level>
  <class>qopmo.nsgaII.testSegment.NSGAII_main_testSegment</class>
  <method>main</method>
  <thread>1</thread>
  <message>Objectives values have been writen to file FUN</message>
</record>
<record>
  <date>2016-01-26T13:14:07</date>
  <millis>1453824847546</millis>
  <sequence>15</sequence>
  <logger>jMetal</logger>
  <level>INFO</level>
  <class>qopmo.nsgaII.testSegment.NSGAII_main_testSegment</class>
  <method>main</method>
  <thread>1</thread>
  <message>Total execution time: 590ms</message>
</record>
<record>
  <date>2016-01-26T13:14:07</date>
  <millis>1453824847546</millis>
  <sequence>16</sequence>
  <logger>jMetal</logger>
  <level>INFO</level>
  <class>qopmo.nsgaII.testSegment.NSGAII_main_testSegment</class>
  <method>main</method>
  <thread>1</thread>
  <message>Variables values have been writen to file VAR</message>
</record>
<record>
  <date>2016-01-26T13:14:07</date>
  <millis>1453824847797</millis>
  <sequence>17</sequence>
  <logger>jMetal</logger>
  <level>INFO</level>
  <class>qopmo.nsgaII.testSegment.NSGAII_main_testSegment</class>
  <method>main</method>
  <thread>1</thread>
  <message>Objectives values have been writen to file FUN</message>
</record>
<record>
  <date>2016-01-26T13:14:08</date>
  <millis>1453824848492</millis>
  <sequence>18</sequence>
  <logger>jMetal</logger>
  <level>INFO</level>
  <class>qopmo.nsgaII.testSegment.NSGAII_main_testSegment</class>
  <method>main</method>
  <thread>1</thread>
  <message>Total execution time: 689ms</message>
</record>
<record>
  <date>2016-01-26T13:14:08</date>
  <millis>1453824848493</millis>
  <sequence>19</sequence>
  <logger>jMetal</logger>
  <level>INFO</level>
  <class>qopmo.nsgaII.testSegment.NSGAII_main_testSegment</class>
  <method>main</method>
  <thread>1</thread>
  <message>Variables values have been writen to file VAR</message>
</record>
<record>
  <date>2016-01-26T13:14:08</date>
  <millis>1453824848742</millis>
  <sequence>20</sequence>
  <logger>jMetal</logger>
  <level>INFO</level>
  <class>qopmo.nsgaII.testSegment.NSGAII_main_testSegment</class>
  <method>main</method>
  <thread>1</thread>
  <message>Objectives values have been writen to file FUN</message>
</record>
<record>
  <date>2016-01-26T13:14:09</date>
  <millis>1453824849323</millis>
  <sequence>21</sequence>
  <logger>jMetal</logger>
  <level>INFO</level>
  <class>qopmo.nsgaII.testSegment.NSGAII_main_testSegment</class>
  <method>main</method>
  <thread>1</thread>
  <message>Total execution time: 575ms</message>
</record>
<record>
  <date>2016-01-26T13:14:09</date>
  <millis>1453824849323</millis>
  <sequence>22</sequence>
  <logger>jMetal</logger>
  <level>INFO</level>
  <class>qopmo.nsgaII.testSegment.NSGAII_main_testSegment</class>
  <method>main</method>
  <thread>1</thread>
  <message>Variables values have been writen to file VAR</message>
</record>
<record>
  <date>2016-01-26T13:14:09</date>
  <millis>1453824849571</millis>
  <sequence>23</sequence>
  <logger>jMetal</logger>
  <level>INFO</level>
  <class>qopmo.nsgaII.testSegment.NSGAII_main_testSegment</class>
  <method>main</method>
  <thread>1</thread>
  <message>Objectives values have been writen to file FUN</message>
</record>
<record>
  <date>2016-01-26T13:14:10</date>
  <millis>1453824850238</millis>
  <sequence>24</sequence>
  <logger>jMetal</logger>
  <level>INFO</level>
  <class>qopmo.nsgaII.testSegment.NSGAII_main_testSegment</class>
  <method>main</method>
  <thread>1</thread>
  <message>Total execution time: 661ms</message>
</record>
<record>
  <date>2016-01-26T13:14:10</date>
  <millis>1453824850239</millis>
  <sequence>25</sequence>
  <logger>jMetal</logger>
  <level>INFO</level>
  <class>qopmo.nsgaII.testSegment.NSGAII_main_testSegment</class>
  <method>main</method>
  <thread>1</thread>
  <message>Variables values have been writen to file VAR</message>
</record>
<record>
  <date>2016-01-26T13:14:10</date>
  <millis>1453824850484</millis>
  <sequence>26</sequence>
  <logger>jMetal</logger>
  <level>INFO</level>
  <class>qopmo.nsgaII.testSegment.NSGAII_main_testSegment</class>
  <method>main</method>
  <thread>1</thread>
  <message>Objectives values have been writen to file FUN</message>
</record>
<record>
  <date>2016-01-26T13:14:11</date>
  <millis>1453824851022</millis>
  <sequence>27</sequence>
  <logger>jMetal</logger>
  <level>INFO</level>
  <class>qopmo.nsgaII.testSegment.NSGAII_main_testSegment</class>
  <method>main</method>
  <thread>1</thread>
  <message>Total execution time: 532ms</message>
</record>
<record>
  <date>2016-01-26T13:14:11</date>
  <millis>1453824851023</millis>
  <sequence>28</sequence>
  <logger>jMetal</logger>
  <level>INFO</level>
  <class>qopmo.nsgaII.testSegment.NSGAII_main_testSegment</class>
  <method>main</method>
  <thread>1</thread>
  <message>Variables values have been writen to file VAR</message>
</record>
<record>
  <date>2016-01-26T13:14:11</date>
  <millis>1453824851271</millis>
  <sequence>29</sequence>
  <logger>jMetal</logger>
  <level>INFO</level>
  <class>qopmo.nsgaII.testSegment.NSGAII_main_testSegment</class>
  <method>main</method>
  <thread>1</thread>
  <message>Objectives values have been writen to file FUN</message>
</record>
</log>
